Using pre-set license
Built from '2021.1/release' branch; Version is '2021.1.10f1 (b15f561b2cef) revision 11624278'; Using compiler version '192528614'; Build Type 'Release'
OS: 'Windows 10 Home; OS build 19044.1586; Version 2009; 64bit' Language: 'en' Physical Memory: 16276 MB
BatchMode: 1, IsHumanControllingUs: 0, StartBugReporterOnCrash: 0, Is64bit: 1, IsPro: 0

 COMMAND LINE ARGUMENTS:
D:\Unity Hub\2021.1.10f1\Editor\Unity.exe
-adb2
-batchMode
-noUpm
-name
AssetImportWorker2
-projectPath
D:/University/Year 3/FYP Games/Project/EmotionalSanity_TB_RPG/Emotional_Sanity_FMP
-logFile
Logs/AssetImportWorker2.log
-srvPort
52095
Successfully changed project path to: D:/University/Year 3/FYP Games/Project/EmotionalSanity_TB_RPG/Emotional_Sanity_FMP
D:/University/Year 3/FYP Games/Project/EmotionalSanity_TB_RPG/Emotional_Sanity_FMP
Using Asset Import Pipeline V2.
Refreshing native plugins compatible for Editor in 104.34 ms, found 3 plugins.
Preloading 0 native plugins for Editor in 0.00 ms.
Initialize engine version: 2021.1.10f1 (b15f561b2cef)
[Subsystems] Discovering subsystems at path D:/Unity Hub/2021.1.10f1/Editor/Data/Resources/UnitySubsystems
[Subsystems] Discovering subsystems at path D:/University/Year 3/FYP Games/Project/EmotionalSanity_TB_RPG/Emotional_Sanity_FMP/Assets
GfxDevice: creating device client; threaded=0; jobified=0
Direct3D:
    Version:  Direct3D 11.0 [level 11.1]
    Renderer: NVIDIA GeForce RTX 3070 (ID=0x2484)
    Vendor:   NVIDIA
    VRAM:     8043 MB
    Driver:   30.0.14.9649
Shader 'Universal Render Pipeline/Particles/Lit': fallback shader 'Universal Render Pipeline/Particles/SimpleLit' not found
Initialize mono
Mono path[0] = 'D:/Unity Hub/2021.1.10f1/Editor/Data/Managed'
Mono path[1] = 'D:/Unity Hub/2021.1.10f1/Editor/Data/MonoBleedingEdge/lib/mono/unityjit'
Mono config path = 'D:/Unity Hub/2021.1.10f1/Editor/Data/MonoBleedingEdge/etc'
Using monoOptions --debugger-agent=transport=dt_socket,embedding=1,server=y,suspend=n,address=127.0.0.1:56968
Begin MonoManager ReloadAssembly
Registering precompiled unity dll's ...
Register platform support module: D:/Unity Hub/2021.1.10f1/Editor/Data/PlaybackEngines/WindowsStandaloneSupport/UnityEditor.WindowsStandalone.Extensions.dll
Registered in 0.001016 seconds.
Native extension for WindowsStandalone target not found
Refreshing native plugins compatible for Editor in 101.96 ms, found 3 plugins.
Preloading 0 native plugins for Editor in 0.00 ms.
Mono: successfully reloaded assembly
- Completed reload, in  1.997 seconds
Domain Reload Profiling:
	ReloadAssembly (1997ms)
		BeginReloadAssembly (56ms)
			ExecutionOrderSort (0ms)
			DisableScriptedObjects (0ms)
			BackupInstance (0ms)
			ReleaseScriptingObjects (0ms)
			CreateAndSetChildDomain (1ms)
		EndReloadAssembly (396ms)
			LoadAssemblies (55ms)
			RebuildTransferFunctionScriptingTraits (0ms)
			SetupTypeCache (127ms)
			ReleaseScriptCaches (0ms)
			RebuildScriptCaches (23ms)
			SetupLoadedEditorAssemblies (211ms)
				LogAssemblyErrors (0ms)
				InitializePlatformSupportModulesInManaged (4ms)
				SetLoadedEditorAssemblies (0ms)
				RefreshPlugins (102ms)
				BeforeProcessingInitializeOnLoad (1ms)
				ProcessInitializeOnLoadAttributes (79ms)
				ProcessInitializeOnLoadMethodAttributes (24ms)
				AfterProcessingInitializeOnLoad (0ms)
				EditorAssembliesLoaded (0ms)
			ExecutionOrderSort2 (0ms)
			AwakeInstancesAfterBackupRestoration (0ms)
Platform modules already initialized, skipping
Registering precompiled user dll's ...
Registered in 0.005915 seconds.
Begin MonoManager ReloadAssembly
Symbol file LoadedFromMemory doesn't match image D:\University\Year 3\FYP Games\Project\EmotionalSanity_TB_RPG\Emotional_Sanity_FMP\Library\PackageCache\com.unity.visualscripting@1.6.1\Editor\VisualScripting.Core\Dependencies\YamlDotNet\Unity.VisualScripting.YamlDotNet.dll
Symbol file LoadedFromMemory doesn't match image D:\University\Year 3\FYP Games\Project\EmotionalSanity_TB_RPG\Emotional_Sanity_FMP\Library\PackageCache\com.unity.visualscripting@1.6.1\Editor\VisualScripting.Core\Dependencies\DotNetZip\Unity.VisualScripting.IonicZip.dll
Native extension for WindowsStandalone target not found
Refreshing native plugins compatible for Editor in 101.36 ms, found 3 plugins.
Preloading 0 native plugins for Editor in 0.00 ms.
Mono: successfully reloaded assembly
- Completed reload, in  2.079 seconds
Domain Reload Profiling:
	ReloadAssembly (2080ms)
		BeginReloadAssembly (125ms)
			ExecutionOrderSort (0ms)
			DisableScriptedObjects (3ms)
			BackupInstance (0ms)
			ReleaseScriptingObjects (0ms)
			CreateAndSetChildDomain (19ms)
		EndReloadAssembly (1912ms)
			LoadAssemblies (1023ms)
			RebuildTransferFunctionScriptingTraits (0ms)
			SetupTypeCache (305ms)
			ReleaseScriptCaches (1ms)
			RebuildScriptCaches (64ms)
			SetupLoadedEditorAssemblies (466ms)
				LogAssemblyErrors (0ms)
				InitializePlatformSupportModulesInManaged (3ms)
				SetLoadedEditorAssemblies (0ms)
				RefreshPlugins (102ms)
				BeforeProcessingInitializeOnLoad (78ms)
				ProcessInitializeOnLoadAttributes (275ms)
				ProcessInitializeOnLoadMethodAttributes (6ms)
				AfterProcessingInitializeOnLoad (2ms)
				EditorAssembliesLoaded (0ms)
			ExecutionOrderSort2 (0ms)
			AwakeInstancesAfterBackupRestoration (6ms)
Platform modules already initialized, skipping
========================================================================
Worker process is ready to serve import requests
Shader 'Universal Render Pipeline/Particles/Lit': fallback shader 'Universal Render Pipeline/Particles/SimpleLit' not found
Launched and connected shader compiler UnityShaderCompiler.exe after 0.18 seconds
Refreshing native plugins compatible for Editor in 1.34 ms, found 3 plugins.
Preloading 0 native plugins for Editor in 0.00 ms.
Unloading 5065 Unused Serialized files (Serialized files now loaded: 0)
System memory in use before: 216.7 MB.
System memory in use after: 217.1 MB.

Unloading 24 unused Assets to reduce memory usage. Loaded Objects now: 5539.
Total: 3.308700 ms (FindLiveObjects: 0.540400 ms CreateObjectMapping: 0.356500 ms MarkObjects: 2.300900 ms  DeleteObjects: 0.109800 ms)

AssetImportParameters requested are different than current active one (requested -> active):
  custom:framework-win-MediaFoundation: 216162199b28c13a410421893ffa2e32 -> 
  custom:video-decoder-ogg-theora: a1e56fd34408186e4bbccfd4996cb3dc -> 
  custom:container-muxer-webm: aa71ff27fc2769a1b78a27578f13a17b -> 
  custom:container-demuxer-webm: 4f35f7cbe854078d1ac9338744f61a02 -> 
  custom:container-demuxer-ogg: 62fdf1f143b41e24485cea50d1cbac27 -> 
  custom:video-encoder-webm-vp8: eb34c28f22e8b96e1ab97ce403110664 -> 
  custom:video-codec-MediaFoundation-h265: 746d11721c4dcdbdad8f713fa42b33f4 -> 
  custom:video-decoder-webm-vp8: 9c59270c3fd7afecdb556c50c9e8de78 -> 
  custom:audio-decoder-ogg-vorbis: bf7c407c2cedff20999df2af8eb42d56 -> 
  custom:audio-encoder-webm-vorbis: bf7c407c2cedff20999df2af8eb42d56 -> 
========================================================================
Received Import Request.
  path: Assets/Scenes/Level1.unity
  artifactKey: Guid(bce2d33abb010cd4d879220476479c2c) Importer(815301076,1909f56bfc062723c751e8b465ee728b)
Start importing Assets/Scenes/Level1.unity using Guid(bce2d33abb010cd4d879220476479c2c) Importer(815301076,1909f56bfc062723c751e8b465ee728b)  -> (artifact id: '18765324f0fbf38789bdd9b1c94f3b8f') in 0.019019 seconds 
========================================================================
Received Import Request.
  Time since last request: 880.754834 seconds.
  path: Assets/Scripts/TurnBasedBattleSystem.cs
  artifactKey: Guid(32a877b97682c0346876d14045e3d29a) Importer(815301076,1909f56bfc062723c751e8b465ee728b)
Start importing Assets/Scripts/TurnBasedBattleSystem.cs using Guid(32a877b97682c0346876d14045e3d29a) Importer(815301076,1909f56bfc062723c751e8b465ee728b)  -> (artifact id: '2efa7f59398af191fedfa278d992628e') in 0.076159 seconds 
========================================================================
Received Import Request.
  Time since last request: 407.467402 seconds.
  path: Assets/Scripts/TurnBasedBattleSystem.cs
  artifactKey: Guid(32a877b97682c0346876d14045e3d29a) Importer(815301076,1909f56bfc062723c751e8b465ee728b)
Start importing Assets/Scripts/TurnBasedBattleSystem.cs using Guid(32a877b97682c0346876d14045e3d29a) Importer(815301076,1909f56bfc062723c751e8b465ee728b)  -> (artifact id: 'b10c3b851aabec1c43f84f79a969dcaa') in 0.003925 seconds 
========================================================================
Received Import Request.
  Time since last request: 7.645463 seconds.
  path: Assets/Scripts/TurnBasedBattleSystem.cs
  artifactKey: Guid(32a877b97682c0346876d14045e3d29a) Importer(815301076,1909f56bfc062723c751e8b465ee728b)
Start importing Assets/Scripts/TurnBasedBattleSystem.cs using Guid(32a877b97682c0346876d14045e3d29a) Importer(815301076,1909f56bfc062723c751e8b465ee728b)  -> (artifact id: '03812dbe75c26f9b4971e9eff425b699') in 0.004130 seconds 
========================================================================
Received Import Request.
  Time since last request: 6.943119 seconds.
  path: Assets/Scripts/TurnBasedBattleSystem.cs
  artifactKey: Guid(32a877b97682c0346876d14045e3d29a) Importer(815301076,1909f56bfc062723c751e8b465ee728b)
Start importing Assets/Scripts/TurnBasedBattleSystem.cs using Guid(32a877b97682c0346876d14045e3d29a) Importer(815301076,1909f56bfc062723c751e8b465ee728b)  -> (artifact id: '8c9666b49391fe0b2d3fd5cfe206599b') in 0.004137 seconds 
========================================================================
Received Import Request.
  Time since last request: 67.951369 seconds.
  path: Assets/Scripts/TurnBasedBattleSystem.cs
  artifactKey: Guid(32a877b97682c0346876d14045e3d29a) Importer(815301076,1909f56bfc062723c751e8b465ee728b)
Start importing Assets/Scripts/TurnBasedBattleSystem.cs using Guid(32a877b97682c0346876d14045e3d29a) Importer(815301076,1909f56bfc062723c751e8b465ee728b)  -> (artifact id: '781885d3b25473f7ad0bd82254a9d00b') in 0.005537 seconds 
========================================================================
Received Import Request.
  Time since last request: 21.867537 seconds.
  path: Assets/Scripts/TurnBasedBattleSystem.cs
  artifactKey: Guid(32a877b97682c0346876d14045e3d29a) Importer(815301076,1909f56bfc062723c751e8b465ee728b)
Start importing Assets/Scripts/TurnBasedBattleSystem.cs using Guid(32a877b97682c0346876d14045e3d29a) Importer(815301076,1909f56bfc062723c751e8b465ee728b)  -> (artifact id: 'dd7f29b7c4b9b0a12bf1da6939e2153b') in 0.003869 seconds 
========================================================================
Received Import Request.
  Time since last request: 5.517996 seconds.
  path: Assets/Scripts/TurnBasedBattleSystem.cs
  artifactKey: Guid(32a877b97682c0346876d14045e3d29a) Importer(815301076,1909f56bfc062723c751e8b465ee728b)
Start importing Assets/Scripts/TurnBasedBattleSystem.cs using Guid(32a877b97682c0346876d14045e3d29a) Importer(815301076,1909f56bfc062723c751e8b465ee728b)  -> (artifact id: '760a54c01977c587a44848321c7a7142') in 0.003650 seconds 
========================================================================
Received Import Request.
  Time since last request: 194.138887 seconds.
  path: Assets/Scripts/TurnBasedBattleSystem.cs
  artifactKey: Guid(32a877b97682c0346876d14045e3d29a) Importer(815301076,1909f56bfc062723c751e8b465ee728b)
Start importing Assets/Scripts/TurnBasedBattleSystem.cs using Guid(32a877b97682c0346876d14045e3d29a) Importer(815301076,1909f56bfc062723c751e8b465ee728b)  -> (artifact id: 'b4d505ee5448d0e9c2bdd59ed0a093fc') in 0.003015 seconds 
========================================================================
Received Import Request.
  Time since last request: 24.004685 seconds.
  path: Assets/Scripts/TurnBasedBattleSystem.cs
  artifactKey: Guid(32a877b97682c0346876d14045e3d29a) Importer(815301076,1909f56bfc062723c751e8b465ee728b)
Start importing Assets/Scripts/TurnBasedBattleSystem.cs using Guid(32a877b97682c0346876d14045e3d29a) Importer(815301076,1909f56bfc062723c751e8b465ee728b)  -> (artifact id: '5f63f65a13b26287f953532c6a59d280') in 0.003004 seconds 
========================================================================
Received Import Request.
  Time since last request: 9.420594 seconds.
  path: Assets/Scripts/TurnBasedBattleSystem.cs
  artifactKey: Guid(32a877b97682c0346876d14045e3d29a) Importer(815301076,1909f56bfc062723c751e8b465ee728b)
Start importing Assets/Scripts/TurnBasedBattleSystem.cs using Guid(32a877b97682c0346876d14045e3d29a) Importer(815301076,1909f56bfc062723c751e8b465ee728b)  -> (artifact id: 'e59cbe0e2d0fc7a59f003d2ac53221d5') in 0.003542 seconds 
========================================================================
Received Import Request.
  Time since last request: 162.461591 seconds.
  path: Assets/Scripts/TurnBasedBattleSystem.cs
  artifactKey: Guid(32a877b97682c0346876d14045e3d29a) Importer(815301076,1909f56bfc062723c751e8b465ee728b)
Start importing Assets/Scripts/TurnBasedBattleSystem.cs using Guid(32a877b97682c0346876d14045e3d29a) Importer(815301076,1909f56bfc062723c751e8b465ee728b)  -> (artifact id: '0499ac4ea73d9490dc79bbfa8f3ba904') in 0.003273 seconds 
========================================================================
Received Import Request.
  Time since last request: 9.725008 seconds.
  path: Assets/Scripts/TurnBasedBattleSystem.cs
  artifactKey: Guid(32a877b97682c0346876d14045e3d29a) Importer(815301076,1909f56bfc062723c751e8b465ee728b)
Start importing Assets/Scripts/TurnBasedBattleSystem.cs using Guid(32a877b97682c0346876d14045e3d29a) Importer(815301076,1909f56bfc062723c751e8b465ee728b)  -> (artifact id: 'a738064d90daf507fd0c237b1f37ed31') in 0.003984 seconds 
========================================================================
Received Import Request.
  Time since last request: 35.343423 seconds.
  path: Assets/Scripts/TurnBasedBattleSystem.cs
  artifactKey: Guid(32a877b97682c0346876d14045e3d29a) Importer(815301076,1909f56bfc062723c751e8b465ee728b)
Start importing Assets/Scripts/TurnBasedBattleSystem.cs using Guid(32a877b97682c0346876d14045e3d29a) Importer(815301076,1909f56bfc062723c751e8b465ee728b)  -> (artifact id: 'e47e6f7e50f8a5eeb651d18cfc514262') in 0.004349 seconds 
========================================================================
Received Import Request.
  Time since last request: 19.053037 seconds.
  path: Assets/Scripts/TurnBasedBattleSystem.cs
  artifactKey: Guid(32a877b97682c0346876d14045e3d29a) Importer(815301076,1909f56bfc062723c751e8b465ee728b)
Start importing Assets/Scripts/TurnBasedBattleSystem.cs using Guid(32a877b97682c0346876d14045e3d29a) Importer(815301076,1909f56bfc062723c751e8b465ee728b)  -> (artifact id: '5d92716c27fad77a15ccc7b78a848e82') in 0.002752 seconds 
========================================================================
Received Import Request.
  Time since last request: 22.801158 seconds.
  path: Assets/Scripts/TurnBasedBattleSystem.cs
  artifactKey: Guid(32a877b97682c0346876d14045e3d29a) Importer(815301076,1909f56bfc062723c751e8b465ee728b)
Start importing Assets/Scripts/TurnBasedBattleSystem.cs using Guid(32a877b97682c0346876d14045e3d29a) Importer(815301076,1909f56bfc062723c751e8b465ee728b)  -> (artifact id: 'd735a84262f2f09862751ca75170629b') in 0.002533 seconds 
========================================================================
Received Import Request.
  Time since last request: 44.360805 seconds.
  path: Assets/Scripts/TurnBasedBattleSystem.cs
  artifactKey: Guid(32a877b97682c0346876d14045e3d29a) Importer(815301076,1909f56bfc062723c751e8b465ee728b)
Start importing Assets/Scripts/TurnBasedBattleSystem.cs using Guid(32a877b97682c0346876d14045e3d29a) Importer(815301076,1909f56bfc062723c751e8b465ee728b)  -> (artifact id: 'dc4287aa889a113ee29480b894799d5f') in 0.002550 seconds 
========================================================================
Received Import Request.
  Time since last request: 6.570816 seconds.
  path: Assets/Scripts/TurnBasedBattleSystem.cs
  artifactKey: Guid(32a877b97682c0346876d14045e3d29a) Importer(815301076,1909f56bfc062723c751e8b465ee728b)
Start importing Assets/Scripts/TurnBasedBattleSystem.cs using Guid(32a877b97682c0346876d14045e3d29a) Importer(815301076,1909f56bfc062723c751e8b465ee728b)  -> (artifact id: 'd499ca696ff632c587421efb70fafdd1') in 0.003181 seconds 
========================================================================
Received Prepare
Registering precompiled user dll's ...
Registered in 0.120866 seconds.
Begin MonoManager ReloadAssembly
Symbol file LoadedFromMemory doesn't match image D:\University\Year 3\FYP Games\Project\EmotionalSanity_TB_RPG\Emotional_Sanity_FMP\Library\PackageCache\com.unity.visualscripting@1.6.1\Editor\VisualScripting.Core\Dependencies\YamlDotNet\Unity.VisualScripting.YamlDotNet.dll
Symbol file LoadedFromMemory doesn't match image D:\University\Year 3\FYP Games\Project\EmotionalSanity_TB_RPG\Emotional_Sanity_FMP\Library\PackageCache\com.unity.visualscripting@1.6.1\Editor\VisualScripting.Core\Dependencies\DotNetZip\Unity.VisualScripting.IonicZip.dll
Native extension for WindowsStandalone target not found
Refreshing native plugins compatible for Editor in 2.33 ms, found 3 plugins.
Preloading 0 native plugins for Editor in 0.00 ms.
Mono: successfully reloaded assembly
- Completed reload, in  1.145 seconds
Domain Reload Profiling:
	ReloadAssembly (1145ms)
		BeginReloadAssembly (124ms)
			ExecutionOrderSort (0ms)
			DisableScriptedObjects (3ms)
			BackupInstance (0ms)
			ReleaseScriptingObjects (0ms)
			CreateAndSetChildDomain (41ms)
		EndReloadAssembly (973ms)
			LoadAssemblies (124ms)
			RebuildTransferFunctionScriptingTraits (0ms)
			SetupTypeCache (339ms)
			ReleaseScriptCaches (2ms)
			RebuildScriptCaches (61ms)
			SetupLoadedEditorAssemblies (277ms)
				LogAssemblyErrors (0ms)
				InitializePlatformSupportModulesInManaged (4ms)
				SetLoadedEditorAssemblies (0ms)
				RefreshPlugins (2ms)
				BeforeProcessingInitializeOnLoad (67ms)
				ProcessInitializeOnLoadAttributes (197ms)
				ProcessInitializeOnLoadMethodAttributes (5ms)
				AfterProcessingInitializeOnLoad (2ms)
				EditorAssembliesLoaded (0ms)
			ExecutionOrderSort2 (0ms)
			AwakeInstancesAfterBackupRestoration (11ms)
Platform modules already initialized, skipping
Shader 'Universal Render Pipeline/Particles/Lit': fallback shader 'Universal Render Pipeline/Particles/SimpleLit' not found
Refreshing native plugins compatible for Editor in 1.01 ms, found 3 plugins.
Preloading 0 native plugins for Editor in 0.00 ms.
Unloading 4932 Unused Serialized files (Serialized files now loaded: 0)
System memory in use before: 207.4 MB.
System memory in use after: 207.9 MB.

Unloading 19 unused Assets to reduce memory usage. Loaded Objects now: 5542.
Total: 4.281700 ms (FindLiveObjects: 1.013800 ms CreateObjectMapping: 0.431800 ms MarkObjects: 2.713300 ms  DeleteObjects: 0.121000 ms)

AssetImportParameters requested are different than current active one (requested -> active):
  custom:framework-win-MediaFoundation: 216162199b28c13a410421893ffa2e32 -> 
  custom:video-decoder-ogg-theora: a1e56fd34408186e4bbccfd4996cb3dc -> 
  custom:container-muxer-webm: aa71ff27fc2769a1b78a27578f13a17b -> 
  custom:container-demuxer-webm: 4f35f7cbe854078d1ac9338744f61a02 -> 
  custom:container-demuxer-ogg: 62fdf1f143b41e24485cea50d1cbac27 -> 
  custom:video-encoder-webm-vp8: eb34c28f22e8b96e1ab97ce403110664 -> 
  custom:video-codec-MediaFoundation-h265: 746d11721c4dcdbdad8f713fa42b33f4 -> 
  custom:video-decoder-webm-vp8: 9c59270c3fd7afecdb556c50c9e8de78 -> 
  custom:audio-decoder-ogg-vorbis: bf7c407c2cedff20999df2af8eb42d56 -> 
  custom:audio-encoder-webm-vorbis: bf7c407c2cedff20999df2af8eb42d56 -> 
========================================================================
Received Prepare
Registering precompiled user dll's ...
Registered in 0.005693 seconds.
Begin MonoManager ReloadAssembly
Symbol file LoadedFromMemory doesn't match image D:\University\Year 3\FYP Games\Project\EmotionalSanity_TB_RPG\Emotional_Sanity_FMP\Library\PackageCache\com.unity.visualscripting@1.6.1\Editor\VisualScripting.Core\Dependencies\YamlDotNet\Unity.VisualScripting.YamlDotNet.dll
Symbol file LoadedFromMemory doesn't match image D:\University\Year 3\FYP Games\Project\EmotionalSanity_TB_RPG\Emotional_Sanity_FMP\Library\PackageCache\com.unity.visualscripting@1.6.1\Editor\VisualScripting.Core\Dependencies\DotNetZip\Unity.VisualScripting.IonicZip.dll
Native extension for WindowsStandalone target not found
Refreshing native plugins compatible for Editor in 1.01 ms, found 3 plugins.
Preloading 0 native plugins for Editor in 0.00 ms.
Mono: successfully reloaded assembly
- Completed reload, in  0.963 seconds
Domain Reload Profiling:
	ReloadAssembly (964ms)
		BeginReloadAssembly (127ms)
			ExecutionOrderSort (0ms)
			DisableScriptedObjects (4ms)
			BackupInstance (0ms)
			ReleaseScriptingObjects (0ms)
			CreateAndSetChildDomain (37ms)
		EndReloadAssembly (791ms)
			LoadAssemblies (101ms)
			RebuildTransferFunctionScriptingTraits (0ms)
			SetupTypeCache (302ms)
			ReleaseScriptCaches (2ms)
			RebuildScriptCaches (54ms)
			SetupLoadedEditorAssemblies (271ms)
				LogAssemblyErrors (0ms)
				InitializePlatformSupportModulesInManaged (3ms)
				SetLoadedEditorAssemblies (0ms)
				RefreshPlugins (1ms)
				BeforeProcessingInitializeOnLoad (71ms)
				ProcessInitializeOnLoadAttributes (189ms)
				ProcessInitializeOnLoadMethodAttributes (5ms)
				AfterProcessingInitializeOnLoad (2ms)
				EditorAssembliesLoaded (0ms)
			ExecutionOrderSort2 (0ms)
			AwakeInstancesAfterBackupRestoration (12ms)
Platform modules already initialized, skipping
Shader 'Universal Render Pipeline/Particles/Lit': fallback shader 'Universal Render Pipeline/Particles/SimpleLit' not found
Refreshing native plugins compatible for Editor in 1.23 ms, found 3 plugins.
Preloading 0 native plugins for Editor in 0.00 ms.
Unloading 4932 Unused Serialized files (Serialized files now loaded: 0)
System memory in use before: 207.5 MB.
System memory in use after: 208.0 MB.

Unloading 19 unused Assets to reduce memory usage. Loaded Objects now: 5545.
Total: 4.536500 ms (FindLiveObjects: 1.312600 ms CreateObjectMapping: 0.485200 ms MarkObjects: 2.650500 ms  DeleteObjects: 0.086000 ms)

AssetImportParameters requested are different than current active one (requested -> active):
  custom:framework-win-MediaFoundation: 216162199b28c13a410421893ffa2e32 -> 
  custom:video-decoder-ogg-theora: a1e56fd34408186e4bbccfd4996cb3dc -> 
  custom:container-muxer-webm: aa71ff27fc2769a1b78a27578f13a17b -> 
  custom:container-demuxer-webm: 4f35f7cbe854078d1ac9338744f61a02 -> 
  custom:container-demuxer-ogg: 62fdf1f143b41e24485cea50d1cbac27 -> 
  custom:video-encoder-webm-vp8: eb34c28f22e8b96e1ab97ce403110664 -> 
  custom:video-codec-MediaFoundation-h265: 746d11721c4dcdbdad8f713fa42b33f4 -> 
  custom:video-decoder-webm-vp8: 9c59270c3fd7afecdb556c50c9e8de78 -> 
  custom:audio-decoder-ogg-vorbis: bf7c407c2cedff20999df2af8eb42d56 -> 
  custom:audio-encoder-webm-vorbis: bf7c407c2cedff20999df2af8eb42d56 -> 
========================================================================
Received Import Request.
  Time since last request: 69.475428 seconds.
  path: Assets/Scripts/TurnBasedBattleSystem.cs
  artifactKey: Guid(32a877b97682c0346876d14045e3d29a) Importer(815301076,1909f56bfc062723c751e8b465ee728b)
Start importing Assets/Scripts/TurnBasedBattleSystem.cs using Guid(32a877b97682c0346876d14045e3d29a) Importer(815301076,1909f56bfc062723c751e8b465ee728b)  -> (artifact id: '20a12c0bf1e972ba0d55a74b6012a958') in 0.011311 seconds 
========================================================================
Received Prepare
Registering precompiled user dll's ...
Registered in 0.005774 seconds.
Begin MonoManager ReloadAssembly
Symbol file LoadedFromMemory doesn't match image D:\University\Year 3\FYP Games\Project\EmotionalSanity_TB_RPG\Emotional_Sanity_FMP\Library\PackageCache\com.unity.visualscripting@1.6.1\Editor\VisualScripting.Core\Dependencies\YamlDotNet\Unity.VisualScripting.YamlDotNet.dll
Symbol file LoadedFromMemory doesn't match image D:\University\Year 3\FYP Games\Project\EmotionalSanity_TB_RPG\Emotional_Sanity_FMP\Library\PackageCache\com.unity.visualscripting@1.6.1\Editor\VisualScripting.Core\Dependencies\DotNetZip\Unity.VisualScripting.IonicZip.dll
Native extension for WindowsStandalone target not found
Refreshing native plugins compatible for Editor in 2.35 ms, found 3 plugins.
Preloading 0 native plugins for Editor in 0.00 ms.
Mono: successfully reloaded assembly
- Completed reload, in  0.938 seconds
Domain Reload Profiling:
	ReloadAssembly (939ms)
		BeginReloadAssembly (114ms)
			ExecutionOrderSort (0ms)
			DisableScriptedObjects (4ms)
			BackupInstance (0ms)
			ReleaseScriptingObjects (0ms)
			CreateAndSetChildDomain (34ms)
		EndReloadAssembly (782ms)
			LoadAssemblies (90ms)
			RebuildTransferFunctionScriptingTraits (0ms)
			SetupTypeCache (289ms)
			ReleaseScriptCaches (2ms)
			RebuildScriptCaches (56ms)
			SetupLoadedEditorAssemblies (278ms)
				LogAssemblyErrors (0ms)
				InitializePlatformSupportModulesInManaged (5ms)
				SetLoadedEditorAssemblies (1ms)
				RefreshPlugins (2ms)
				BeforeProcessingInitializeOnLoad (64ms)
				ProcessInitializeOnLoadAttributes (199ms)
				ProcessInitializeOnLoadMethodAttributes (5ms)
				AfterProcessingInitializeOnLoad (2ms)
				EditorAssembliesLoaded (0ms)
			ExecutionOrderSort2 (0ms)
			AwakeInstancesAfterBackupRestoration (11ms)
Platform modules already initialized, skipping
Shader 'Universal Render Pipeline/Particles/Lit': fallback shader 'Universal Render Pipeline/Particles/SimpleLit' not found
Refreshing native plugins compatible for Editor in 1.14 ms, found 3 plugins.
Preloading 0 native plugins for Editor in 0.00 ms.
Unloading 4932 Unused Serialized files (Serialized files now loaded: 0)
System memory in use before: 207.6 MB.
System memory in use after: 208.0 MB.

Unloading 19 unused Assets to reduce memory usage. Loaded Objects now: 5548.
Total: 4.560900 ms (FindLiveObjects: 0.355800 ms CreateObjectMapping: 0.206100 ms MarkObjects: 3.901700 ms  DeleteObjects: 0.096300 ms)

AssetImportParameters requested are different than current active one (requested -> active):
  custom:framework-win-MediaFoundation: 216162199b28c13a410421893ffa2e32 -> 
  custom:video-decoder-ogg-theora: a1e56fd34408186e4bbccfd4996cb3dc -> 
  custom:container-muxer-webm: aa71ff27fc2769a1b78a27578f13a17b -> 
  custom:container-demuxer-webm: 4f35f7cbe854078d1ac9338744f61a02 -> 
  custom:container-demuxer-ogg: 62fdf1f143b41e24485cea50d1cbac27 -> 
  custom:video-encoder-webm-vp8: eb34c28f22e8b96e1ab97ce403110664 -> 
  custom:video-codec-MediaFoundation-h265: 746d11721c4dcdbdad8f713fa42b33f4 -> 
  custom:video-decoder-webm-vp8: 9c59270c3fd7afecdb556c50c9e8de78 -> 
  custom:audio-decoder-ogg-vorbis: bf7c407c2cedff20999df2af8eb42d56 -> 
  custom:audio-encoder-webm-vorbis: bf7c407c2cedff20999df2af8eb42d56 -> 
========================================================================
Received Import Request.
  Time since last request: 72.791891 seconds.
  path: Assets/Scripts/TurnBasedBattleSystem.cs
  artifactKey: Guid(32a877b97682c0346876d14045e3d29a) Importer(815301076,1909f56bfc062723c751e8b465ee728b)
Start importing Assets/Scripts/TurnBasedBattleSystem.cs using Guid(32a877b97682c0346876d14045e3d29a) Importer(815301076,1909f56bfc062723c751e8b465ee728b)  -> (artifact id: 'c05c743c769b6ffddd8e299890f07718') in 0.008521 seconds 
========================================================================
Received Prepare
Registering precompiled user dll's ...
Registered in 0.006785 seconds.
Begin MonoManager ReloadAssembly
Symbol file LoadedFromMemory doesn't match image D:\University\Year 3\FYP Games\Project\EmotionalSanity_TB_RPG\Emotional_Sanity_FMP\Library\PackageCache\com.unity.visualscripting@1.6.1\Editor\VisualScripting.Core\Dependencies\YamlDotNet\Unity.VisualScripting.YamlDotNet.dll
Symbol file LoadedFromMemory doesn't match image D:\University\Year 3\FYP Games\Project\EmotionalSanity_TB_RPG\Emotional_Sanity_FMP\Library\PackageCache\com.unity.visualscripting@1.6.1\Editor\VisualScripting.Core\Dependencies\DotNetZip\Unity.VisualScripting.IonicZip.dll
Native extension for WindowsStandalone target not found
Refreshing native plugins compatible for Editor in 1.00 ms, found 3 plugins.
Preloading 0 native plugins for Editor in 0.00 ms.
Mono: successfully reloaded assembly
- Completed reload, in  0.928 seconds
Domain Reload Profiling:
	ReloadAssembly (928ms)
		BeginReloadAssembly (115ms)
			ExecutionOrderSort (0ms)
			DisableScriptedObjects (3ms)
			BackupInstance (0ms)
			ReleaseScriptingObjects (0ms)
			CreateAndSetChildDomain (34ms)
		EndReloadAssembly (771ms)
			LoadAssemblies (88ms)
			RebuildTransferFunctionScriptingTraits (0ms)
			SetupTypeCache (295ms)
			ReleaseScriptCaches (2ms)
			RebuildScriptCaches (51ms)
			SetupLoadedEditorAssemblies (265ms)
				LogAssemblyErrors (0ms)
				InitializePlatformSupportModulesInManaged (3ms)
				SetLoadedEditorAssemblies (0ms)
				RefreshPlugins (1ms)
				BeforeProcessingInitializeOnLoad (58ms)
				ProcessInitializeOnLoadAttributes (193ms)
				ProcessInitializeOnLoadMethodAttributes (6ms)
				AfterProcessingInitializeOnLoad (3ms)
				EditorAssembliesLoaded (0ms)
			ExecutionOrderSort2 (0ms)
			AwakeInstancesAfterBackupRestoration (11ms)
Platform modules already initialized, skipping
Shader 'Universal Render Pipeline/Particles/Lit': fallback shader 'Universal Render Pipeline/Particles/SimpleLit' not found
Refreshing native plugins compatible for Editor in 1.38 ms, found 3 plugins.
Preloading 0 native plugins for Editor in 0.00 ms.
Unloading 4932 Unused Serialized files (Serialized files now loaded: 0)
System memory in use before: 207.6 MB.
System memory in use after: 208.0 MB.

Unloading 19 unused Assets to reduce memory usage. Loaded Objects now: 5551.
Total: 3.197800 ms (FindLiveObjects: 0.628900 ms CreateObjectMapping: 0.280700 ms MarkObjects: 2.203600 ms  DeleteObjects: 0.082700 ms)

AssetImportParameters requested are different than current active one (requested -> active):
  custom:framework-win-MediaFoundation: 216162199b28c13a410421893ffa2e32 -> 
  custom:video-decoder-ogg-theora: a1e56fd34408186e4bbccfd4996cb3dc -> 
  custom:container-muxer-webm: aa71ff27fc2769a1b78a27578f13a17b -> 
  custom:container-demuxer-webm: 4f35f7cbe854078d1ac9338744f61a02 -> 
  custom:container-demuxer-ogg: 62fdf1f143b41e24485cea50d1cbac27 -> 
  custom:video-encoder-webm-vp8: eb34c28f22e8b96e1ab97ce403110664 -> 
  custom:video-codec-MediaFoundation-h265: 746d11721c4dcdbdad8f713fa42b33f4 -> 
  custom:video-decoder-webm-vp8: 9c59270c3fd7afecdb556c50c9e8de78 -> 
  custom:audio-decoder-ogg-vorbis: bf7c407c2cedff20999df2af8eb42d56 -> 
  custom:audio-encoder-webm-vorbis: bf7c407c2cedff20999df2af8eb42d56 -> 
========================================================================
Received Import Request.
  Time since last request: 996.763655 seconds.
  path: Assets/Scenes/Level1.unity
  artifactKey: Guid(bce2d33abb010cd4d879220476479c2c) Importer(815301076,1909f56bfc062723c751e8b465ee728b)
Start importing Assets/Scenes/Level1.unity using Guid(bce2d33abb010cd4d879220476479c2c) Importer(815301076,1909f56bfc062723c751e8b465ee728b)  -> (artifact id: '99c7f198a4bcc35012ca7df775409427') in 0.404137 seconds 
========================================================================
Received Prepare
Registering precompiled user dll's ...
Registered in 0.006166 seconds.
Begin MonoManager ReloadAssembly
Symbol file LoadedFromMemory doesn't match image D:\University\Year 3\FYP Games\Project\EmotionalSanity_TB_RPG\Emotional_Sanity_FMP\Library\PackageCache\com.unity.visualscripting@1.6.1\Editor\VisualScripting.Core\Dependencies\YamlDotNet\Unity.VisualScripting.YamlDotNet.dll
Symbol file LoadedFromMemory doesn't match image D:\University\Year 3\FYP Games\Project\EmotionalSanity_TB_RPG\Emotional_Sanity_FMP\Library\PackageCache\com.unity.visualscripting@1.6.1\Editor\VisualScripting.Core\Dependencies\DotNetZip\Unity.VisualScripting.IonicZip.dll
Native extension for WindowsStandalone target not found
Refreshing native plugins compatible for Editor in 1.99 ms, found 3 plugins.
Preloading 0 native plugins for Editor in 0.00 ms.
Mono: successfully reloaded assembly
- Completed reload, in  1.741 seconds
Domain Reload Profiling:
	ReloadAssembly (1741ms)
		BeginReloadAssembly (110ms)
			ExecutionOrderSort (0ms)
			DisableScriptedObjects (4ms)
			BackupInstance (0ms)
			ReleaseScriptingObjects (0ms)
			CreateAndSetChildDomain (39ms)
		EndReloadAssembly (1588ms)
			LoadAssemblies (97ms)
			RebuildTransferFunctionScriptingTraits (0ms)
			SetupTypeCache (298ms)
			ReleaseScriptCaches (2ms)
			RebuildScriptCaches (53ms)
			SetupLoadedEditorAssemblies (275ms)
				LogAssemblyErrors (0ms)
				InitializePlatformSupportModulesInManaged (4ms)
				SetLoadedEditorAssemblies (0ms)
				RefreshPlugins (2ms)
				BeforeProcessingInitializeOnLoad (66ms)
				ProcessInitializeOnLoadAttributes (194ms)
				ProcessInitializeOnLoadMethodAttributes (6ms)
				AfterProcessingInitializeOnLoad (2ms)
				EditorAssembliesLoaded (0ms)
			ExecutionOrderSort2 (0ms)
			AwakeInstancesAfterBackupRestoration (10ms)
Platform modules already initialized, skipping
Shader 'Universal Render Pipeline/Particles/Lit': fallback shader 'Universal Render Pipeline/Particles/SimpleLit' not found
Refreshing native plugins compatible for Editor in 2.09 ms, found 3 plugins.
Preloading 0 native plugins for Editor in 0.00 ms.
Unloading 4932 Unused Serialized files (Serialized files now loaded: 0)
System memory in use before: 207.4 MB.
System memory in use after: 207.9 MB.

Unloading 19 unused Assets to reduce memory usage. Loaded Objects now: 5554.
Total: 2.952900 ms (FindLiveObjects: 0.377800 ms CreateObjectMapping: 0.227300 ms MarkObjects: 2.267100 ms  DeleteObjects: 0.079500 ms)

AssetImportParameters requested are different than current active one (requested -> active):
  custom:framework-win-MediaFoundation: 216162199b28c13a410421893ffa2e32 -> 
  custom:video-decoder-ogg-theora: a1e56fd34408186e4bbccfd4996cb3dc -> 
  custom:container-muxer-webm: aa71ff27fc2769a1b78a27578f13a17b -> 
  custom:container-demuxer-webm: 4f35f7cbe854078d1ac9338744f61a02 -> 
  custom:container-demuxer-ogg: 62fdf1f143b41e24485cea50d1cbac27 -> 
  custom:video-encoder-webm-vp8: eb34c28f22e8b96e1ab97ce403110664 -> 
  custom:video-codec-MediaFoundation-h265: 746d11721c4dcdbdad8f713fa42b33f4 -> 
  custom:video-decoder-webm-vp8: 9c59270c3fd7afecdb556c50c9e8de78 -> 
  custom:audio-decoder-ogg-vorbis: bf7c407c2cedff20999df2af8eb42d56 -> 
  custom:audio-encoder-webm-vorbis: bf7c407c2cedff20999df2af8eb42d56 -> 
AssetImportWorkerClient::OnTransportError - code=2 error=End of file
